2018-11-27 at 10:27:42: receive: Istniej¹ce po³¹czenie zosta³o gwa³townie zamkniête przez zdalnego hosta
2018-11-28 at 07:57:42: Wrong format
2018-11-28 at 08:00:57: receive: Istniej¹ce po³¹czenie zosta³o gwa³townie zamkniête przez zdalnego hosta
2018-11-28 at 13:32:20: receive: Istniej¹ce po³¹czenie zosta³o gwa³townie zamkniête przez zdalnego hosta
2018-11-28 at 13:33:20: receive: Istniej¹ce po³¹czenie zosta³o gwa³townie zamkniête przez zdalnego hosta
2018-11-28 at 13:39:05: receive: Istniej¹ce po³¹czenie zosta³o gwa³townie zamkniête przez zdalnego hosta
2018-11-28 at 13:42:02: receive: Istniej¹ce po³¹czenie zosta³o gwa³townie zamkniête przez zdalnego hosta
2018-11-28 at 14:51:37: receive: Istniej¹ce po³¹czenie zosta³o gwa³townie zamkniête przez zdalnego hosta
2018-11-28 at 17:13:39: receive: Istniej¹ce po³¹czenie zosta³o gwa³townie zamkniête przez zdalnego hosta
2018-11-29 at 18:09:07: receive: Istniej¹ce po³¹czenie zosta³o gwa³townie zamkniête przez zdalnego hosta
2018-11-29 at 18:16:11: receive: Istniej¹ce po³¹czenie zosta³o gwa³townie zamkniête przez zdalnego hosta
2018-11-29 at 18:35:35: Wrong format
2018-11-29 at 18:36:30: Wrong format
2018-11-29 at 18:37:12: Wrong format
2018-11-29 at 18:39:16: Wrong format
2018-11-29 at 18:41:32: Wrong format
2018-11-29 at 18:42:18: Wrong format
2018-11-29 at 19:10:25: Missing option value
2018-11-29 at 19:11:33: Missing option value
2018-11-29 at 19:12:42: Missing option value
2018-12-01 at 18:09:57: receive: Istniej¹ce po³¹czenie zosta³o gwa³townie zamkniête przez zdalnego hosta
2018-12-01 at 18:15:36: receive: Istniej¹ce po³¹czenie zosta³o gwa³townie zamkniête przez zdalnego hosta
2018-12-01 at 19:05:32: receive: Istniej¹ce po³¹czenie zosta³o gwa³townie zamkniête przez zdalnego hosta
2018-12-01 at 19:16:04: receive: Istniej¹ce po³¹czenie zosta³o gwa³townie zamkniête przez zdalnego hosta
2018-12-01 at 19:17:27: receive: Istniej¹ce po³¹czenie zosta³o gwa³townie zamkniête przez zdalnego hosta
2018-12-01 at 19:27:45: receive: Istniej¹ce po³¹czenie zosta³o gwa³townie zamkniête przez zdalnego hosta
2018-12-02 at 12:11:15: invalid map<K, T> key
2018-12-02 at 12:21:39: receive: Istniej¹ce po³¹czenie zosta³o gwa³townie zamkniête przez zdalnego hosta
2018-12-02 at 12:50:43: receive: Istniej¹ce po³¹czenie zosta³o gwa³townie zamkniête przez zdalnego hosta
2018-12-02 at 12:56:31: Unable to open file D:\VC_Projects\Projekt_PI_Client\Projekt_PI_Client
2018-12-02 at 12:56:32: Fail opening file
2018-12-02 at 12:57:35: Unable to open file D:\VC_Projects\Projekt_PI_Client\Projekt_PI_Client
2018-12-02 at 12:57:35: Fail opening file
2018-12-02 at 12:58:35: Unable to open file D:\VC_Projects\Projekt_PI_Client\Projekt_PI_Client
2018-12-02 at 12:58:35: Fail opening file
2018-12-02 at 12:59:41: Unable to open file D:\VC_Projects\Projekt_PI_Client\Projekt_PI_Client
2018-12-02 at 12:59:41: Fail opening file
2018-12-02 at 13:03:33: Unable to open file D:\VC_Projects\Projekt_PI_Client\Projekt_PI_Client
2018-12-02 at 13:03:33: Fail opening file
2018-12-02 at 13:04:38: Unable to open file D:\VC_Projects\Projekt_PI_Client\Projekt_PI_Client
2018-12-02 at 13:04:38: Fail opening file
2018-12-02 at 13:05:39: Unable to open file D:\VC_Projects\Projekt_PI_Client\Projekt_PI_Client
2018-12-02 at 13:05:39: Fail opening file
2018-12-02 at 13:06:30: Unable to open file D:\VC_Projects\Projekt_PI_Client\Projekt_PI_Client
2018-12-02 at 13:06:30: Fail opening file
2018-12-02 at 13:09:51: receive: Istniej¹ce po³¹czenie zosta³o gwa³townie zamkniête przez zdalnego hosta
2018-12-03 at 10:37:17: receive: Istniej¹ce po³¹czenie zosta³o gwa³townie zamkniête przez zdalnego hosta
2018-12-03 at 10:39:21: receive: Istniej¹ce po³¹czenie zosta³o gwa³townie zamkniête przez zdalnego hosta
2018-12-04 at 14:17:36: receive: Istniej¹ce po³¹czenie zosta³o gwa³townie zamkniête przez zdalnego hosta
2018-12-04 at 14:19:48: receive: Istniej¹ce po³¹czenie zosta³o gwa³townie zamkniête przez zdalnego hosta
2018-12-04 at 14:20:36: receive: Istniej¹ce po³¹czenie zosta³o gwa³townie zamkniête przez zdalnego hosta
2018-12-04 at 14:21:13: receive: Istniej¹ce po³¹czenie zosta³o gwa³townie zamkniête przez zdalnego hosta
2018-12-04 at 14:22:18: receive: Istniej¹ce po³¹czenie zosta³o gwa³townie zamkniête przez zdalnego hosta
2018-12-04 at 14:22:33: Wrong format
2018-12-04 at 14:24:07: receive: Istniej¹ce po³¹czenie zosta³o gwa³townie zamkniête przez zdalnego hosta
2018-12-04 at 14:25:22: receive: Istniej¹ce po³¹czenie zosta³o gwa³townie zamkniête przez zdalnego hosta
2018-12-04 at 14:27:58: receive: Istniej¹ce po³¹czenie zosta³o gwa³townie zamkniête przez zdalnego hosta
2018-12-04 at 14:28:26: receive: Istniej¹ce po³¹czenie zosta³o gwa³townie zamkniête przez zdalnego hosta
2018-12-06 at 17:12:19: Wrong format
2018-12-06 at 17:14:17: write: Dostarczone dojœcie do pliku jest nieprawid³owe
2018-12-06 at 17:23:37: Wrong format
2018-12-06 at 17:25:24: write: Dostarczone dojœcie do pliku jest nieprawid³owe
2018-12-06 at 17:28:51: receive: Istniej¹ce po³¹czenie zosta³o gwa³townie zamkniête przez zdalnego hosta
2018-12-06 at 17:31:57: write: Dostarczone dojœcie do pliku jest nieprawid³owe
2018-12-06 at 17:33:53: write: Dostarczone dojœcie do pliku jest nieprawid³owe
2018-12-06 at 17:34:45: write: Dostarczone dojœcie do pliku jest nieprawid³owe
2018-12-06 at 17:36:46: remote_endpoint: Dostarczone dojœcie do pliku jest nieprawid³owe
2018-12-06 at 17:36:46: write: Dostarczone dojœcie do pliku jest nieprawid³owe
2018-12-06 at 18:37:48: Wrong format
2018-12-06 at 18:38:16: Wrong format
2018-12-06 at 18:38:57: Wrong format
2018-12-06 at 19:04:43: receive: Istniej¹ce po³¹czenie zosta³o gwa³townie zamkniête przez zdalnego hosta
2018-12-06 at 19:21:14: receive: Istniej¹ce po³¹czenie zosta³o gwa³townie zamkniête przez zdalnego hosta
2018-12-06 at 19:21:38: receive: Istniej¹ce po³¹czenie zosta³o gwa³townie zamkniête przez zdalnego hosta
2018-12-12 at 16:58:18: receive: Istniej¹ce po³¹czenie zosta³o gwa³townie zamkniête przez zdalnego hosta
2018-12-12 at 17:00:30: receive: Istniej¹ce po³¹czenie zosta³o gwa³townie zamkniête przez zdalnego hosta
2018-12-12 at 17:05:52: receive: Istniej¹ce po³¹czenie zosta³o gwa³townie zamkniête przez zdalnego hosta
2018-12-12 at 17:06:52: receive: Istniej¹ce po³¹czenie zosta³o gwa³townie zamkniête przez zdalnego hosta
2018-12-12 at 17:10:22: receive: Istniej¹ce po³¹czenie zosta³o gwa³townie zamkniête przez zdalnego hosta
2018-12-13 at 07:52:36: write: Istniej¹ce po³¹czenie zosta³o gwa³townie zamkniête przez zdalnego hosta
2018-12-13 at 08:25:50: receive: Istniej¹ce po³¹czenie zosta³o gwa³townie zamkniête przez zdalnego hosta
2018-12-13 at 08:30:24: receive: Istniej¹ce po³¹czenie zosta³o gwa³townie zamkniête przez zdalnego hosta
2018-12-13 at 16:05:33: receive: Istniej¹ce po³¹czenie zosta³o gwa³townie zamkniête przez zdalnego hosta
2018-12-13 at 16:09:24: receive: Istniej¹ce po³¹czenie zosta³o gwa³townie zamkniête przez zdalnego hosta
2018-12-13 at 16:09:47: receive: Istniej¹ce po³¹czenie zosta³o gwa³townie zamkniête przez zdalnego hosta
2018-12-13 at 16:10:28: receive: Istniej¹ce po³¹czenie zosta³o gwa³townie zamkniête przez zdalnego hosta
2018-12-13 at 16:11:28: receive: Istniej¹ce po³¹czenie zosta³o gwa³townie zamkniête przez zdalnego hosta
2018-12-13 at 16:14:56: receive: Istniej¹ce po³¹czenie zosta³o gwa³townie zamkniête przez zdalnego hosta
2018-12-13 at 16:21:17: receive: Istniej¹ce po³¹czenie zosta³o gwa³townie zamkniête przez zdalnego hosta
2018-12-13 at 16:22:20: receive: Istniej¹ce po³¹czenie zosta³o gwa³townie zamkniête przez zdalnego hosta
2018-12-13 at 16:29:46: receive: Istniej¹ce po³¹czenie zosta³o gwa³townie zamkniête przez zdalnego hosta
2018-12-13 at 18:09:06: receive: Istniej¹ce po³¹czenie zosta³o gwa³townie zamkniête przez zdalnego hosta
2018-12-13 at 18:30:40: receive: Istniej¹ce po³¹czenie zosta³o gwa³townie zamkniête przez zdalnego hosta
2018-12-13 at 18:40:04: receive: End of file
2018-12-14 at 12:53:38: receive: Istniej¹ce po³¹czenie zosta³o gwa³townie zamkniête przez zdalnego hosta
2018-12-18 at 13:28:50: receive: Istniej¹ce po³¹czenie zosta³o gwa³townie zamkniête przez zdalnego hosta
2018-12-18 at 13:37:54: receive: Istniej¹ce po³¹czenie zosta³o gwa³townie zamkniête przez zdalnego hosta
2018-12-18 at 14:05:04: receive: Istniej¹ce po³¹czenie zosta³o gwa³townie zamkniête przez zdalnego hosta
2019-01-07 at 21:20:24: Unable to open file D:\VC_Projects\Projekt_PI_Client\Debug\Locals\test1.txt
2019-01-07 at 21:20:24: Fail opening file
2019-01-07 at 21:21:27: receive: Istniej¹ce po³¹czenie zosta³o gwa³townie zamkniête przez zdalnego hosta
2019-01-07 at 21:22:38: Unable to open file test2.txt
2019-01-07 at 21:22:38: Fail opening file
2019-01-07 at 21:23:46: Unable to open file test2.txt
2019-01-07 at 21:23:46: Fail opening file
2019-01-07 at 21:28:02: receive: Istniej¹ce po³¹czenie zosta³o gwa³townie zamkniête przez zdalnego hosta
2019-01-08 at 13:26:52: receive: Istniej¹ce po³¹czenie zosta³o gwa³townie zamkniête przez zdalnego hosta
